 
  ******* ORDEM2000 version 1.3 *******
 
 -->reading in data files
 -->data commands taken from the file ordem2000.cmd
 -->ordem2000.cmd indicates a spacecraft analysis
 -->starting processing
 

 --> Average flux (/m**2/yr):
 Objects   > 10 um    > 100 um   > 1 mm     > 1 cm     > 10 cm    > 1 m
           5.09E+02   1.87E+01   3.70E-02   1.68E-06   2.62E-07   1.18E-07

 --> Average relative velocity (km/s):
 Objects   > 10 um    > 100 um   > 1 mm     > 1 cm     > 10 cm    > 1 m
              7.25       7.16       7.09       7.31       7.20       6.72
 -->finished processing
 --> Flux information is in E:\TEST\RiskAssessment\tools\results\TABLESC.DAT
 --> Relative velocity information is in E:\TEST\RiskAssessment\tools\results\VRELzzz.DAT
 --> where zzzz represents the S/C orb. position.
 --> note:a maximum of 9999 VREL files are created
 FINISHED with program
 
  ******* ORDEM2000 version 1.3 *******
 
 -->reading in data files
 -->data commands taken from the file ordem2000.cmd
 
  ******* ORDEM2000 version 1.3 *******
 
 -->reading in data files
 -->data commands taken from the file ordem2000.cmd
 
  ******* ORDEM2000 version 1.3 *******
 
 -->reading in data files
 -->data commands taken from the file ordem2000.cmd
 
  ******* ORDEM2000 version 1.3 *******
 
 -->reading in data files
 -->data commands taken from the file ordem2000.cmd
 
  ******* ORDEM2000 version 1.3 *******
 
 -->reading in data files
 -->data commands taken from the file ordem2000.cmd
 -->ordem2000.cmd indicates a spacecraft analysis
 -->starting processing
 

 --> Average flux (/m**2/yr):
 Objects   > 10 um    > 100 um   > 1 mm     > 1 cm     > 10 cm    > 1 m
           5.09E+02   1.87E+01   3.70E-02   1.68E-06   2.62E-07   1.18E-07

 --> Average relative velocity (km/s):
 Objects   > 10 um    > 100 um   > 1 mm     > 1 cm     > 10 cm    > 1 m
              7.25       7.16       7.09       7.31       7.20       6.72
 -->finished processing
 --> Flux information is in E:\TEST\RiskAssessment\tools\results\TABLESC.DAT
 --> Relative velocity information is in E:\TEST\RiskAssessment\tools\results\VRELzzz.DAT
 --> where zzzz represents the S/C orb. position.
 --> note:a maximum of 9999 VREL files are created
 FINISHED with program
 
  ******* ORDEM2000 version 1.3 *******
 
 -->reading in data files
 -->data commands taken from the file ordem2000.cmd
 -->ordem2000.cmd indicates a spacecraft analysis
 -->starting processing
 

 --> Average flux (/m**2/yr):
 Objects   > 10 um    > 100 um   > 1 mm     > 1 cm     > 10 cm    > 1 m
           5.09E+02   1.87E+01   3.70E-02   1.68E-06   2.62E-07   1.18E-07

 --> Average relative velocity (km/s):
 Objects   > 10 um    > 100 um   > 1 mm     > 1 cm     > 10 cm    > 1 m
              7.25       7.16       7.09       7.31       7.20       6.72
 -->finished processing
 --> Flux information is in E:\TEST\RiskAssessment\tools\results\TABLESC.DAT
 --> Relative velocity information is in E:\TEST\RiskAssessment\tools\results\VRELzzz.DAT
 --> where zzzz represents the S/C orb. position.
 --> note:a maximum of 9999 VREL files are created
 FINISHED with program
 
  ******* ORDEM2000 version 1.3 *******
 
 -->reading in data files
 -->data commands taken from the file ordem2000.cmd
 -->ordem2000.cmd indicates a spacecraft analysis
 -->starting processing
 

 --> Average flux (/m**2/yr):
 Objects   > 10 um    > 100 um   > 1 mm     > 1 cm     > 10 cm    > 1 m
           5.09E+02   1.87E+01   3.70E-02   1.68E-06   2.62E-07   1.18E-07

 --> Average relative velocity (km/s):
 Objects   > 10 um    > 100 um   > 1 mm     > 1 cm     > 10 cm    > 1 m
              7.25       7.16       7.09       7.31       7.20       6.72
 -->finished processing
 --> Flux information is in E:\TEST\RiskAssessment\tools\results\TABLESC.DAT
 --> Relative velocity information is in E:\TEST\RiskAssessment\tools\results\VRELzzz.DAT
 --> where zzzz represents the S/C orb. position.
 --> note:a maximum of 9999 VREL files are created
 FINISHED with program
 
  ******* ORDEM2000 version 1.3 *******
 
 -->reading in data files
 -->data commands taken from the file ordem2000.cmd
 -->ordem2000.cmd indicates a spacecraft analysis
 -->starting processing
 

 --> Average flux (/m**2/yr):
 Objects   > 10 um    > 100 um   > 1 mm     > 1 cm     > 10 cm    > 1 m
           5.09E+02   1.87E+01   3.70E-02   1.68E-06   2.62E-07   1.18E-07

 --> Average relative velocity (km/s):
 Objects   > 10 um    > 100 um   > 1 mm     > 1 cm     > 10 cm    > 1 m
              7.25       7.16       7.09       7.31       7.20       6.72
 -->finished processing
 --> Flux information is in E:\TEST\RiskAssessment\tools\results\TABLESC.DAT
 --> Relative velocity information is in E:\TEST\RiskAssessment\tools\results\VRELzzz.DAT
 --> where zzzz represents the S/C orb. position.
 --> note:a maximum of 9999 VREL files are created
 FINISHED with program
 
  ******* ORDEM2000 version 1.3 *******
 
 -->reading in data files
 -->data commands taken from the file ordem2000.cmd
 -->ordem2000.cmd indicates a spacecraft analysis
 -->starting processing
 

 --> Average flux (/m**2/yr):
 Objects   > 10 um    > 100 um   > 1 mm     > 1 cm     > 10 cm    > 1 m
           5.09E+02   1.87E+01   3.70E-02   1.68E-06   2.62E-07   1.18E-07

 --> Average relative velocity (km/s):
 Objects   > 10 um    > 100 um   > 1 mm     > 1 cm     > 10 cm    > 1 m
              7.25       7.16       7.09       7.31       7.20       6.72
 -->finished processing
 --> Flux information is in E:\TEST\RiskAssessment\tools\results\TABLESC.DAT
 --> Relative velocity information is in E:\TEST\RiskAssessment\tools\results\VRELzzz.DAT
 --> where zzzz represents the S/C orb. position.
 --> note:a maximum of 9999 VREL files are created
 FINISHED with program
 
  ******* ORDEM2000 version 1.3 *******
 
 -->reading in data files
 -->data commands taken from the file ordem2000.cmd
 -->ordem2000.cmd indicates a spacecraft analysis
 -->starting processing
 

 --> Average flux (/m**2/yr):
 Objects   > 10 um    > 100 um   > 1 mm     > 1 cm     > 10 cm    > 1 m
           5.09E+02   1.87E+01   3.70E-02   1.68E-06   2.62E-07   1.18E-07

 --> Average relative velocity (km/s):
 Objects   > 10 um    > 100 um   > 1 mm     > 1 cm     > 10 cm    > 1 m
              7.25       7.16       7.09       7.31       7.20       6.72
 -->finished processing
 --> Flux information is in E:\TEST\RiskAssessment\tools\results\TABLESC.DAT
 --> Relative velocity information is in E:\TEST\RiskAssessment\tools\results\VRELzzz.DAT
 --> where zzzz represents the S/C orb. position.
 --> note:a maximum of 9999 VREL files are created
 FINISHED with program
 
  ******* ORDEM2000 version 1.3 *******
 
 -->reading in data files
 -->data commands taken from the file ordem2000.cmd
 -->ordem2000.cmd indicates a spacecraft analysis
 -->starting processing
 

 --> Average flux (/m**2/yr):
 Objects   > 10 um    > 100 um   > 1 mm     > 1 cm     > 10 cm    > 1 m
           5.09E+02   1.87E+01   3.70E-02   1.68E-06   2.62E-07   1.18E-07

 --> Average relative velocity (km/s):
 Objects   > 10 um    > 100 um   > 1 mm     > 1 cm     > 10 cm    > 1 m
              7.25       7.16       7.09       7.31       7.20       6.72
 -->finished processing
 --> Flux information is in E:\TEST\RiskAssessment\tools\results\TABLESC.DAT
 --> Relative velocity information is in E:\TEST\RiskAssessment\tools\results\VRELzzz.DAT
 --> where zzzz represents the S/C orb. position.
 --> note:a maximum of 9999 VREL files are created
 FINISHED with program
 
  ******* ORDEM2000 version 1.3 *******
 
 -->reading in data files
 -->data commands taken from the file ordem2000.cmd
 
  ******* ORDEM2000 version 1.3 *******
 
 -->reading in data files
 -->data commands taken from the file ordem2000.cmd
 
  ******* ORDEM2000 version 1.3 *******
 
 -->reading in data files
 -->data commands taken from the file ordem2000.cmd
 -->ordem2000.cmd indicates a spacecraft analysis
 -->starting processing
 

 --> Average flux (/m**2/yr):
 Objects   > 10 um    > 100 um   > 1 mm     > 1 cm     > 10 cm    > 1 m
           5.09E+02   1.87E+01   3.70E-02   1.68E-06   2.62E-07   1.18E-07

 --> Average relative velocity (km/s):
 Objects   > 10 um    > 100 um   > 1 mm     > 1 cm     > 10 cm    > 1 m
              7.25       7.16       7.09       7.31       7.20       6.72
 -->finished processing
 --> Flux information is in E:\TEST\RiskAssessment\tools\results\TABLESC.DAT
 --> Relative velocity information is in E:\TEST\RiskAssessment\tools\results\VRELzzz.DAT
 --> where zzzz represents the S/C orb. position.
 --> note:a maximum of 9999 VREL files are created
 FINISHED with program
 
  ******* ORDEM2000 version 1.3 *******
 
 -->reading in data files
 -->data commands taken from the file ordem2000.cmd
 -->ordem2000.cmd indicates a spacecraft analysis
 
  ******* ORDEM2000 version 1.3 *******
 
 -->reading in data files
 -->data commands taken from the file ordem2000.cmd
 -->ordem2000.cmd indicates a spacecraft analysis
 
  ******* ORDEM2000 version 1.3 *******
 
 -->reading in data files
 -->data commands taken from the file ordem2000.cmd
 -->ordem2000.cmd indicates a spacecraft analysis
 
  ******* ORDEM2000 version 1.3 *******
 
 -->reading in data files
 -->data commands taken from the file ordem2000.cmd
 -->ordem2000.cmd indicates a spacecraft analysis
 
  ******* ORDEM2000 version 1.3 *******
 
 -->reading in data files
 -->data commands taken from the file ordem2000.cmd
 -->ordem2000.cmd indicates a spacecraft analysis
 
  ******* ORDEM2000 version 1.3 *******
 
 -->reading in data files
 -->data commands taken from the file ordem2000.cmd
 -->ordem2000.cmd indicates a spacecraft analysis
 
  ******* ORDEM2000 version 1.3 *******
 
 -->reading in data files
 -->data commands taken from the file ordem2000.cmd
 -->ordem2000.cmd indicates a spacecraft analysis
 
  ******* ORDEM2000 version 1.3 *******
 
 -->reading in data files
 -->data commands taken from the file ordem2000.cmd
 -->ordem2000.cmd indicates a spacecraft analysis
 
  ******* ORDEM2000 version 1.3 *******
 
 -->reading in data files
 -->data commands taken from the file ordem2000.cmd
 -->ordem2000.cmd indicates a spacecraft analysis
 
  ******* ORDEM2000 version 1.3 *******
 
 -->reading in data files
 -->data commands taken from the file ordem2000.cmd
 -->ordem2000.cmd indicates a spacecraft analysis
 
  ******* ORDEM2000 version 1.3 *******
 
 -->reading in data files
 -->data commands taken from the file ordem2000.cmd
 -->ordem2000.cmd indicates a spacecraft analysis
 -->starting processing
 

 --> Average flux (/m**2/yr):
 Objects   > 10 um    > 100 um   > 1 mm     > 1 cm     > 10 cm    > 1 m
           5.09E+02   1.87E+01   3.70E-02   1.68E-06   2.62E-07   1.18E-07

 --> Average relative velocity (km/s):
 Objects   > 10 um    > 100 um   > 1 mm     > 1 cm     > 10 cm    > 1 m
              7.25       7.16       7.09       7.31       7.20       6.72
 -->finished processing
 --> Flux information is in E:\TEST\RiskAssessment\tools\results\TABLESC.DAT
 FINISHED with program
 
  ******* ORDEM2000 version 1.3 *******
 
 -->reading in data files
 -->data commands taken from the file ordem2000.cmd
 -->ordem2000.cmd indicates a spacecraft analysis
 -->starting processing
 

 --> Average flux (/m**2/yr):
 Objects   > 10 um    > 100 um   > 1 mm     > 1 cm     > 10 cm    > 1 m
           5.09E+02   1.87E+01   3.70E-02   1.68E-06   2.62E-07   1.18E-07

 --> Average relative velocity (km/s):
 Objects   > 10 um    > 100 um   > 1 mm     > 1 cm     > 10 cm    > 1 m
              7.25       7.16       7.09       7.31       7.20       6.72
 -->finished processing
 --> Flux information is in E:\TEST\RiskAssessment\tools\results\TABLESC.DAT
 FINISHED with program
 
  ******* ORDEM2000 version 1.3 *******
 
 -->reading in data files
 -->data commands taken from the file ordem2000.cmd
 -->ordem2000.cmd indicates a spacecraft analysis
 -->starting processing
 

 --> Average flux (/m**2/yr):
 Objects   > 10 um    > 100 um   > 1 mm     > 1 cm     > 10 cm    > 1 m
           8.82E+02   2.20E+01   4.60E-02   4.06E-06   3.36E-07   1.72E-07

 --> Average relative velocity (km/s):
 Objects   > 10 um    > 100 um   > 1 mm     > 1 cm     > 10 cm    > 1 m
              7.29       7.16       7.10       7.33       7.16       6.74
 -->finished processing
 --> Flux information is in E:\TEST\RiskAssessment\tools\results\TABLESC.DAT
 --> Relative velocity information is in E:\TEST\RiskAssessment\tools\results\VRELzzz.DAT
 --> where zzzz represents the S/C orb. position.
 --> note:a maximum of 9999 VREL files are created
 FINISHED with program
 
  ******* ORDEM2000 version 1.3 *******
 
 -->reading in data files
 -->data commands taken from the file ordem2000.cmd
 -->ordem2000.cmd indicates a spacecraft analysis
 -->starting processing
 

 --> Average flux (/m**2/yr):
 Objects   > 10 um    > 100 um   > 1 mm     > 1 cm     > 10 cm    > 1 m
           8.82E+02   2.20E+01   4.60E-02   4.06E-06   3.36E-07   1.72E-07

 --> Average relative velocity (km/s):
 Objects   > 10 um    > 100 um   > 1 mm     > 1 cm     > 10 cm    > 1 m
              7.29       7.16       7.10       7.33       7.16       6.74
 -->finished processing
 --> Flux information is in E:\TEST\RiskAssessment\tools\results\TABLESC.DAT
 --> Relative velocity information is in E:\TEST\RiskAssessment\tools\results\VRELzzz.DAT
 --> where zzzz represents the S/C orb. position.
 --> note:a maximum of 9999 VREL files are created
 FINISHED with program
 
  ******* ORDEM2000 version 1.3 *******
 
 -->reading in data files
 -->data commands taken from the file ordem2000.cmd
 -->ordem2000.cmd indicates a spacecraft analysis
 -->starting processing
 

 --> Average flux (/m**2/yr):
 Objects   > 10 um    > 100 um   > 1 mm     > 1 cm     > 10 cm    > 1 m
           8.82E+02   2.20E+01   4.60E-02   4.06E-06   3.36E-07   1.72E-07

 --> Average relative velocity (km/s):
 Objects   > 10 um    > 100 um   > 1 mm     > 1 cm     > 10 cm    > 1 m
              7.29       7.16       7.10       7.33       7.16       6.74
 -->finished processing
 --> Flux information is in E:\TEST\RiskAssessment\tools\results\TABLESC.DAT
 --> Relative velocity information is in E:\TEST\RiskAssessment\tools\results\VRELzzz.DAT
 --> where zzzz represents the S/C orb. position.
 --> note:a maximum of 9999 VREL files are created
 FINISHED with program
 
  ******* ORDEM2000 version 1.3 *******
 
 -->reading in data files
 -->data commands taken from the file ordem2000.cmd
 -->ordem2000.cmd indicates a spacecraft analysis
 -->starting processing
 

 --> Average flux (/m**2/yr):
 Objects   > 10 um    > 100 um   > 1 mm     > 1 cm     > 10 cm    > 1 m
           8.82E+02   2.20E+01   4.60E-02   4.06E-06   3.36E-07   1.72E-07

 --> Average relative velocity (km/s):
 Objects   > 10 um    > 100 um   > 1 mm     > 1 cm     > 10 cm    > 1 m
              7.29       7.16       7.10       7.33       7.16       6.74
 -->finished processing
 --> Flux information is in E:\TEST\RiskAssessment\tools\results\TABLESC.DAT
 --> Relative velocity information is in E:\TEST\RiskAssessment\tools\results\VRELzzz.DAT
 --> where zzzz represents the S/C orb. position.
 --> note:a maximum of 9999 VREL files are created
 FINISHED with program
 
  ******* ORDEM2000 version 1.3 *******
 
 -->reading in data files
 -->data commands taken from the file ordem2000.cmd
 -->ordem2000.cmd indicates a spacecraft analysis
 -->starting processing
 

 --> Average flux (/m**2/yr):
 Objects   > 10 um    > 100 um   > 1 mm     > 1 cm     > 10 cm    > 1 m
           8.82E+02   2.20E+01   4.60E-02   4.06E-06   3.36E-07   1.72E-07

 --> Average relative velocity (km/s):
 Objects   > 10 um    > 100 um   > 1 mm     > 1 cm     > 10 cm    > 1 m
              7.29       7.16       7.10       7.33       7.16       6.74
 -->finished processing
 --> Flux information is in E:\TEST\RiskAssessment\tools\results\TABLESC.DAT
 --> Relative velocity information is in E:\TEST\RiskAssessment\tools\results\VRELzzz.DAT
 --> where zzzz represents the S/C orb. position.
 --> note:a maximum of 9999 VREL files are created
 FINISHED with program
 
  ******* ORDEM2000 version 1.3 *******
 
 -->reading in data files
 -->data commands taken from the file ordem2000.cmd
 -->ordem2000.cmd indicates a spacecraft analysis
 -->starting processing
 

 --> Average flux (/m**2/yr):
 Objects   > 10 um    > 100 um   > 1 mm     > 1 cm     > 10 cm    > 1 m
           8.82E+02   2.20E+01   4.60E-02   4.06E-06   3.36E-07   1.72E-07

 --> Average relative velocity (km/s):
 Objects   > 10 um    > 100 um   > 1 mm     > 1 cm     > 10 cm    > 1 m
              7.29       7.16       7.10       7.33       7.16       6.74
 -->finished processing
 --> Flux information is in E:\TEST\RiskAssessment\tools\results\TABLESC.DAT
 --> Relative velocity information is in E:\TEST\RiskAssessment\tools\results\VRELzzz.DAT
 --> where zzzz represents the S/C orb. position.
 --> note:a maximum of 9999 VREL files are created
 FINISHED with program
 
  ******* ORDEM2000 version 1.3 *******
 
 -->reading in data files
 -->data commands taken from the file ordem2000.cmd
 -->ordem2000.cmd indicates a spacecraft analysis
 -->starting processing
 

 --> Average flux (/m**2/yr):
 Objects   > 10 um    > 100 um   > 1 mm     > 1 cm     > 10 cm    > 1 m
           8.82E+02   2.20E+01   4.60E-02   4.06E-06   3.36E-07   1.72E-07

 --> Average relative velocity (km/s):
 Objects   > 10 um    > 100 um   > 1 mm     > 1 cm     > 10 cm    > 1 m
              7.29       7.16       7.10       7.33       7.16       6.74
 -->finished processing
 --> Flux information is in E:\TEST\RiskAssessment\tools\results\TABLESC.DAT
 --> Relative velocity information is in E:\TEST\RiskAssessment\tools\results\VRELzzz.DAT
 --> where zzzz represents the S/C orb. position.
 --> note:a maximum of 9999 VREL files are created
 FINISHED with program
 
  ******* ORDEM2000 version 1.3 *******
 
 -->reading in data files
 -->data commands taken from the file ordem2000.cmd
 -->ordem2000.cmd indicates a spacecraft analysis
 -->starting processing
 

 --> Average flux (/m**2/yr):
 Objects   > 10 um    > 100 um   > 1 mm     > 1 cm     > 10 cm    > 1 m
           8.82E+02   2.20E+01   4.60E-02   4.06E-06   3.36E-07   1.72E-07

 --> Average relative velocity (km/s):
 Objects   > 10 um    > 100 um   > 1 mm     > 1 cm     > 10 cm    > 1 m
              7.29       7.16       7.10       7.33       7.16       6.74
 -->finished processing
 --> Flux information is in E:\TEST\RiskAssessment\tools\results\TABLESC.DAT
 --> Relative velocity information is in E:\TEST\RiskAssessment\tools\results\VRELzzz.DAT
 --> where zzzz represents the S/C orb. position.
 --> note:a maximum of 9999 VREL files are created
 FINISHED with program
 
  ******* ORDEM2000 version 1.3 *******
 
 -->reading in data files
 -->data commands taken from the file ordem2000.cmd
 -->ordem2000.cmd indicates a spacecraft analysis
 -->starting processing
 

 --> Average flux (/m**2/yr):
 Objects   > 10 um    > 100 um   > 1 mm     > 1 cm     > 10 cm    > 1 m
           8.82E+02   2.20E+01   4.60E-02   4.06E-06   3.36E-07   1.72E-07

 --> Average relative velocity (km/s):
 Objects   > 10 um    > 100 um   > 1 mm     > 1 cm     > 10 cm    > 1 m
              7.29       7.16       7.10       7.33       7.16       6.74
 -->finished processing
 --> Flux information is in E:\TEST\RiskAssessment\tools\results\TABLESC.DAT
 --> Relative velocity information is in E:\TEST\RiskAssessment\tools\results\VRELzzz.DAT
 --> where zzzz represents the S/C orb. position.
 --> note:a maximum of 9999 VREL files are created
 FINISHED with program
 
  ******* ORDEM2000 version 1.3 *******
 
 -->reading in data files
 -->data commands taken from the file ordem2000.cmd
 -->ordem2000.cmd indicates a spacecraft analysis
 -->starting processing
 

 --> Average flux (/m**2/yr):
 Objects   > 10 um    > 100 um   > 1 mm     > 1 cm     > 10 cm    > 1 m
           8.49E+02   2.14E+01   4.41E-02   3.99E-06   3.37E-07   1.72E-07

 --> Average relative velocity (km/s):
 Objects   > 10 um    > 100 um   > 1 mm     > 1 cm     > 10 cm    > 1 m
              7.33       7.20       7.14       7.38       7.16       6.72
 -->finished processing
 --> Flux information is in E:\TEST\RiskAssessment\tools\results\TABLESC.DAT
 --> Relative velocity information is in E:\TEST\RiskAssessment\tools\results\VRELzzz.DAT
 --> where zzzz represents the S/C orb. position.
 --> note:a maximum of 9999 VREL files are created
 FINISHED with program
 
  ******* ORDEM2000 version 1.3 *******
 
 -->reading in data files
 -->data commands taken from the file ordem2000.cmd
 -->ordem2000.cmd indicates a spacecraft analysis
 -->starting processing
 

 --> Average flux (/m**2/yr):
 Objects   > 10 um    > 100 um   > 1 mm     > 1 cm     > 10 cm    > 1 m
           8.82E+02   2.20E+01   4.60E-02   4.06E-06   3.36E-07   1.72E-07

 --> Average relative velocity (km/s):
 Objects   > 10 um    > 100 um   > 1 mm     > 1 cm     > 10 cm    > 1 m
              7.29       7.16       7.10       7.33       7.16       6.74
 -->finished processing
 --> Flux information is in E:\TEST\RiskAssessment\tools\results\TABLESC.DAT
 --> Relative velocity information is in E:\TEST\RiskAssessment\tools\results\VRELzzz.DAT
 --> where zzzz represents the S/C orb. position.
 --> note:a maximum of 9999 VREL files are created
 FINISHED with program
 
  ******* ORDEM2000 version 1.3 *******
 
 -->reading in data files
 -->data commands taken from the file ordem2000.cmd
 -->ordem2000.cmd indicates a spacecraft analysis
 -->starting processing
 

 --> Average flux (/m**2/yr):
 Objects   > 10 um    > 100 um   > 1 mm     > 1 cm     > 10 cm    > 1 m
           8.82E+02   2.20E+01   4.60E-02   4.06E-06   3.36E-07   1.72E-07

 --> Average relative velocity (km/s):
 Objects   > 10 um    > 100 um   > 1 mm     > 1 cm     > 10 cm    > 1 m
              7.29       7.16       7.10       7.33       7.16       6.74
 -->finished processing
 --> Flux information is in E:\TEST\RiskAssessment\tools\results\TABLESC.DAT
 --> Relative velocity information is in E:\TEST\RiskAssessment\tools\results\VRELzzz.DAT
 --> where zzzz represents the S/C orb. position.
 --> note:a maximum of 9999 VREL files are created
 FINISHED with program
 
  ******* ORDEM2000 version 1.3 *******
 
 -->reading in data files
 -->data commands taken from the file ordem2000.cmd
 -->ordem2000.cmd indicates a spacecraft analysis
 -->starting processing
 

 --> Average flux (/m**2/yr):
 Objects   > 10 um    > 100 um   > 1 mm     > 1 cm     > 10 cm    > 1 m
           8.82E+02   2.20E+01   4.60E-02   4.06E-06   3.36E-07   1.72E-07

 --> Average relative velocity (km/s):
 Objects   > 10 um    > 100 um   > 1 mm     > 1 cm     > 10 cm    > 1 m
              7.29       7.16       7.10       7.33       7.16       6.74
 -->finished processing
 --> Flux information is in E:\TEST\RiskAssessment\tools\results\TABLESC.DAT
 --> Relative velocity information is in E:\TEST\RiskAssessment\tools\results\VRELzzz.DAT
 --> where zzzz represents the S/C orb. position.
 --> note:a maximum of 9999 VREL files are created
 FINISHED with program
 
  ******* ORDEM2000 version 1.3 *******
 
 -->reading in data files
 -->data commands taken from the file ordem2000.cmd
 -->ordem2000.cmd indicates a spacecraft analysis
 -->starting processing
 

 --> Average flux (/m**2/yr):
 Objects   > 10 um    > 100 um   > 1 mm     > 1 cm     > 10 cm    > 1 m
           8.82E+02   2.20E+01   4.60E-02   4.06E-06   3.36E-07   1.72E-07

 --> Average relative velocity (km/s):
 Objects   > 10 um    > 100 um   > 1 mm     > 1 cm     > 10 cm    > 1 m
              7.29       7.16       7.10       7.33       7.16       6.74
 -->finished processing
 --> Flux information is in E:\TEST\RiskAssessment\tools\results\TABLESC.DAT
 --> Relative velocity information is in E:\TEST\RiskAssessment\tools\results\VRELzzz.DAT
 --> where zzzz represents the S/C orb. position.
 --> note:a maximum of 9999 VREL files are created
 FINISHED with program
 
  ******* ORDEM2000 version 1.3 *******
 
 -->reading in data files
 -->data commands taken from the file ordem2000.cmd
 -->ordem2000.cmd indicates a spacecraft analysis
 -->starting processing
 

 --> Average flux (/m**2/yr):
 Objects   > 10 um    > 100 um   > 1 mm     > 1 cm     > 10 cm    > 1 m
           8.82E+02   2.20E+01   4.60E-02   4.06E-06   3.36E-07   1.72E-07

 --> Average relative velocity (km/s):
 Objects   > 10 um    > 100 um   > 1 mm     > 1 cm     > 10 cm    > 1 m
              7.29       7.16       7.10       7.33       7.16       6.74
 -->finished processing
 --> Flux information is in E:\TEST\RiskAssessment\tools\results\TABLESC.DAT
 --> Relative velocity information is in E:\TEST\RiskAssessment\tools\results\VRELzzz.DAT
 --> where zzzz represents the S/C orb. position.
 --> note:a maximum of 9999 VREL files are created
 FINISHED with program
 
  ******* ORDEM2000 version 1.3 *******
 
 -->reading in data files
 -->data commands taken from the file ordem2000.cmd
 -->ordem2000.cmd indicates a spacecraft analysis
 -->starting processing
 

 --> Average flux (/m**2/yr):
 Objects   > 10 um    > 100 um   > 1 mm     > 1 cm     > 10 cm    > 1 m
           8.82E+02   2.20E+01   4.60E-02   4.06E-06   3.36E-07   1.72E-07

 --> Average relative velocity (km/s):
 Objects   > 10 um    > 100 um   > 1 mm     > 1 cm     > 10 cm    > 1 m
              7.29       7.16       7.10       7.33       7.16       6.74
 -->finished processing
 --> Flux information is in E:\TEST\RiskAssessment\tools\results\TABLESC.DAT
 --> Relative velocity information is in E:\TEST\RiskAssessment\tools\results\VRELzzz.DAT
 --> where zzzz represents the S/C orb. position.
 --> note:a maximum of 9999 VREL files are created
 FINISHED with program
 
  ******* ORDEM2000 version 1.3 *******
 
 -->reading in data files
 -->data commands taken from the file ordem2000.cmd
 -->ordem2000.cmd indicates a spacecraft analysis
 -->starting processing
 

 --> Average flux (/m**2/yr):
 Objects   > 10 um    > 100 um   > 1 mm     > 1 cm     > 10 cm    > 1 m
           8.82E+02   2.20E+01   4.60E-02   4.06E-06   3.36E-07   1.72E-07

 --> Average relative velocity (km/s):
 Objects   > 10 um    > 100 um   > 1 mm     > 1 cm     > 10 cm    > 1 m
              7.29       7.16       7.10       7.33       7.16       6.74
 -->finished processing
 --> Flux information is in E:\TEST\RiskAssessment\tools\results\TABLESC.DAT
 --> Relative velocity information is in E:\TEST\RiskAssessment\tools\results\VRELzzz.DAT
 --> where zzzz represents the S/C orb. position.
 --> note:a maximum of 9999 VREL files are created
 FINISHED with program
 
  ******* ORDEM2000 version 1.3 *******
 
 -->reading in data files
 -->data commands taken from the file ordem2000.cmd
 -->ordem2000.cmd indicates a spacecraft analysis
 -->starting processing
 

 --> Average flux (/m**2/yr):
 Objects   > 10 um    > 100 um   > 1 mm     > 1 cm     > 10 cm    > 1 m
           8.82E+02   2.20E+01   4.60E-02   4.06E-06   3.36E-07   1.72E-07

 --> Average relative velocity (km/s):
 Objects   > 10 um    > 100 um   > 1 mm     > 1 cm     > 10 cm    > 1 m
              7.29       7.16       7.10       7.33       7.16       6.74
 -->finished processing
 --> Flux information is in E:\TEST\RiskAssessment\tools\results\TABLESC.DAT
 --> Relative velocity information is in E:\TEST\RiskAssessment\tools\results\VRELzzz.DAT
 --> where zzzz represents the S/C orb. position.
 --> note:a maximum of 9999 VREL files are created
 FINISHED with program
 
  ******* ORDEM2000 version 1.3 *******
 
 -->reading in data files
 -->data commands taken from the file ordem2000.cmd
 -->ordem2000.cmd indicates a spacecraft analysis
 -->starting processing
 

 --> Average flux (/m**2/yr):
 Objects   > 10 um    > 100 um   > 1 mm     > 1 cm     > 10 cm    > 1 m
           8.82E+02   2.20E+01   4.60E-02   4.06E-06   3.36E-07   1.72E-07

 --> Average relative velocity (km/s):
 Objects   > 10 um    > 100 um   > 1 mm     > 1 cm     > 10 cm    > 1 m
              7.29       7.16       7.10       7.33       7.16       6.74
 -->finished processing
 --> Flux information is in E:\TEST\RiskAssessment\tools\results\TABLESC.DAT
 --> Relative velocity information is in E:\TEST\RiskAssessment\tools\results\VRELzzz.DAT
 --> where zzzz represents the S/C orb. position.
 --> note:a maximum of 9999 VREL files are created
 FINISHED with program
 
  ******* ORDEM2000 version 1.3 *******
 
 -->reading in data files
 -->data commands taken from the file ordem2000.cmd
 -->ordem2000.cmd indicates a spacecraft analysis
 -->starting processing
 

 --> Average flux (/m**2/yr):
 Objects   > 10 um    > 100 um   > 1 mm     > 1 cm     > 10 cm    > 1 m
           8.82E+02   2.20E+01   4.60E-02   4.06E-06   3.36E-07   1.72E-07

 --> Average relative velocity (km/s):
 Objects   > 10 um    > 100 um   > 1 mm     > 1 cm     > 10 cm    > 1 m
              7.29       7.16       7.10       7.33       7.16       6.74
 -->finished processing
 --> Flux information is in E:\TEST\RiskAssessment\tools\results\TABLESC.DAT
 --> Relative velocity information is in E:\TEST\RiskAssessment\tools\results\VRELzzz.DAT
 --> where zzzz represents the S/C orb. position.
 --> note:a maximum of 9999 VREL files are created
 FINISHED with program
 
  ******* ORDEM2000 version 1.3 *******
 
 -->reading in data files
 -->data commands taken from the file ordem2000.cmd
 -->ordem2000.cmd indicates a spacecraft analysis
 -->starting processing
 

 --> Average flux (/m**2/yr):
 Objects   > 10 um    > 100 um   > 1 mm     > 1 cm     > 10 cm    > 1 m
           8.82E+02   2.20E+01   4.60E-02   4.06E-06   3.36E-07   1.72E-07

 --> Average relative velocity (km/s):
 Objects   > 10 um    > 100 um   > 1 mm     > 1 cm     > 10 cm    > 1 m
              7.29       7.16       7.10       7.33       7.16       6.74
 -->finished processing
 --> Flux information is in E:\TEST\RiskAssessment\tools\results\TABLESC.DAT
 --> Relative velocity information is in E:\TEST\RiskAssessment\tools\results\VRELzzz.DAT
 --> where zzzz represents the S/C orb. position.
 --> note:a maximum of 9999 VREL files are created
 FINISHED with program
 
  ******* ORDEM2000 version 1.3 *******
 
 -->reading in data files
 -->data commands taken from the file ordem2000.cmd
 -->ordem2000.cmd indicates a spacecraft analysis
 -->starting processing
 

 --> Average flux (/m**2/yr):
 Objects   > 10 um    > 100 um   > 1 mm     > 1 cm     > 10 cm    > 1 m
           8.82E+02   2.20E+01   4.60E-02   4.06E-06   3.36E-07   1.72E-07

 --> Average relative velocity (km/s):
 Objects   > 10 um    > 100 um   > 1 mm     > 1 cm     > 10 cm    > 1 m
              7.29       7.16       7.10       7.33       7.16       6.74
 -->finished processing
 --> Flux information is in E:\TEST\RiskAssessment\tools\results\TABLESC.DAT
 --> Relative velocity information is in E:\TEST\RiskAssessment\tools\results\VRELzzz.DAT
 --> where zzzz represents the S/C orb. position.
 --> note:a maximum of 9999 VREL files are created
 FINISHED with program
 
  ******* ORDEM2000 version 1.3 *******
 
 -->reading in data files
 -->data commands taken from the file ordem2000.cmd
 -->ordem2000.cmd indicates a spacecraft analysis
 -->starting processing
 

 --> Average flux (/m**2/yr):
 Objects   > 10 um    > 100 um   > 1 mm     > 1 cm     > 10 cm    > 1 m
           8.82E+02   2.20E+01   4.60E-02   4.06E-06   3.36E-07   1.72E-07

 --> Average relative velocity (km/s):
 Objects   > 10 um    > 100 um   > 1 mm     > 1 cm     > 10 cm    > 1 m
              7.29       7.16       7.10       7.33       7.16       6.74
 -->finished processing
 --> Flux information is in E:\TEST\RiskAssessment\tools\results\TABLESC.DAT
 --> Relative velocity information is in E:\TEST\RiskAssessment\tools\results\VRELzzz.DAT
 --> where zzzz represents the S/C orb. position.
 --> note:a maximum of 9999 VREL files are created
 FINISHED with program
 
  ******* ORDEM2000 version 1.3 *******
 
 -->reading in data files
 -->data commands taken from the file ordem2000.cmd
 -->ordem2000.cmd indicates a spacecraft analysis
 -->starting processing
 

 --> Average flux (/m**2/yr):
 Objects   > 10 um    > 100 um   > 1 mm     > 1 cm     > 10 cm    > 1 m
           8.82E+02   2.20E+01   4.60E-02   4.06E-06   3.36E-07   1.72E-07

 --> Average relative velocity (km/s):
 Objects   > 10 um    > 100 um   > 1 mm     > 1 cm     > 10 cm    > 1 m
              7.29       7.16       7.10       7.33       7.16       6.74
 -->finished processing
 --> Flux information is in E:\TEST\RiskAssessment\tools\results\TABLESC.DAT
 --> Relative velocity information is in E:\TEST\RiskAssessment\tools\results\VRELzzz.DAT
 --> where zzzz represents the S/C orb. position.
 --> note:a maximum of 9999 VREL files are created
 FINISHED with program
 
  ******* ORDEM2000 version 1.3 *******
 
 -->reading in data files
 -->data commands taken from the file ordem2000.cmd
 -->ordem2000.cmd indicates a spacecraft analysis
 -->starting processing
 

 --> Average flux (/m**2/yr):
 Objects   > 10 um    > 100 um   > 1 mm     > 1 cm     > 10 cm    > 1 m
           8.82E+02   2.20E+01   4.60E-02   4.06E-06   3.36E-07   1.72E-07

 --> Average relative velocity (km/s):
 Objects   > 10 um    > 100 um   > 1 mm     > 1 cm     > 10 cm    > 1 m
              7.29       7.16       7.10       7.33       7.16       6.74
 -->finished processing
 --> Flux information is in E:\TEST\RiskAssessment\tools\results\TABLESC.DAT
 --> Relative velocity information is in E:\TEST\RiskAssessment\tools\results\VRELzzz.DAT
 --> where zzzz represents the S/C orb. position.
 --> note:a maximum of 9999 VREL files are created
 FINISHED with program
 
  ******* ORDEM2000 version 1.3 *******
 
 -->reading in data files
 -->data commands taken from the file ordem2000.cmd
 -->ordem2000.cmd indicates a spacecraft analysis
 -->starting processing
 

 --> Average flux (/m**2/yr):
 Objects   > 10 um    > 100 um   > 1 mm     > 1 cm     > 10 cm    > 1 m
           8.82E+02   2.20E+01   4.60E-02   4.06E-06   3.36E-07   1.72E-07

 --> Average relative velocity (km/s):
 Objects   > 10 um    > 100 um   > 1 mm     > 1 cm     > 10 cm    > 1 m
              7.29       7.16       7.10       7.33       7.16       6.74
 -->finished processing
 --> Flux information is in E:\TEST\RiskAssessment\tools\results\TABLESC.DAT
 --> Relative velocity information is in E:\TEST\RiskAssessment\tools\results\VRELzzz.DAT
 --> where zzzz represents the S/C orb. position.
 --> note:a maximum of 9999 VREL files are created
 FINISHED with program
 
  ******* ORDEM2000 version 1.3 *******
 
 -->reading in data files
 -->data commands taken from the file ordem2000.cmd
 -->ordem2000.cmd indicates a spacecraft analysis
 -->starting processing
 

 --> Average flux (/m**2/yr):
 Objects   > 10 um    > 100 um   > 1 mm     > 1 cm     > 10 cm    > 1 m
           8.82E+02   2.20E+01   4.60E-02   4.06E-06   3.36E-07   1.72E-07

 --> Average relative velocity (km/s):
 Objects   > 10 um    > 100 um   > 1 mm     > 1 cm     > 10 cm    > 1 m
              7.29       7.16       7.10       7.33       7.16       6.74
 -->finished processing
 --> Flux information is in E:\TEST\RiskAssessment\tools\results\TABLESC.DAT
 --> Relative velocity information is in E:\TEST\RiskAssessment\tools\results\VRELzzz.DAT
 --> where zzzz represents the S/C orb. position.
 --> note:a maximum of 9999 VREL files are created
 FINISHED with program
